<?xml version="1.0" encoding="UTF-8"?>
<testsuite xmlns:xsi="http://www.w3.org/2001/XMLSchema-instance" xsi:noNamespaceSchemaLocation="https://maven.apache.org/surefire/maven-surefire-plugin/xsd/surefire-test-report.xsd" name="edu.junit5.quickstart.MessageUtilTest" time="0.016" tests="1" errors="0" skipped="0" failures="0">
  <properties>
    <property name="java.specification.version" value="17"/>
    <property name="sun.jnu.encoding" value="UTF-8"/>
    <property name="java.class.path" value="/home/robin/IdeaProjects/SimpleJunit5/SimpleJunit5/target/test-classes:/home/robin/IdeaProjects/SimpleJunit5/SimpleJunit5/target/classes:/home/robin/.m2/repository/org/junit/vintage/junit-vintage-engine/5.7.0-M1/junit-vintage-engine-5.7.0-M1.jar:/home/robin/.m2/repository/org/apiguardian/apiguardian-api/1.1.0/apiguardian-api-1.1.0.jar:/home/robin/.m2/repository/org/junit/platform/junit-platform-engine/1.7.0-M1/junit-platform-engine-1.7.0-M1.jar:/home/robin/.m2/repository/junit/junit/4.13/junit-4.13.jar:/home/robin/.m2/repository/org/hamcrest/hamcrest-core/1.3/hamcrest-core-1.3.jar:/home/robin/.m2/repository/org/openjfx/javafx-controls/15-ea+7/javafx-controls-15-ea+7.jar:/home/robin/.m2/repository/org/openjfx/javafx-controls/15-ea+7/javafx-controls-15-ea+7-linux.jar:/home/robin/.m2/repository/org/openjfx/javafx-graphics/15-ea+7/javafx-graphics-15-ea+7.jar:/home/robin/.m2/repository/org/openjfx/javafx-graphics/15-ea+7/javafx-graphics-15-ea+7-linux.jar:/home/robin/.m2/repository/org/openjfx/javafx-base/15-ea+7/javafx-base-15-ea+7.jar:/home/robin/.m2/repository/org/openjfx/javafx-base/15-ea+7/javafx-base-15-ea+7-linux.jar:/home/robin/.m2/repository/org/openjfx/javafx-fxml/15-ea+7/javafx-fxml-15-ea+7.jar:/home/robin/.m2/repository/org/openjfx/javafx-fxml/15-ea+7/javafx-fxml-15-ea+7-linux.jar:/home/robin/.m2/repository/org/junit/jupiter/junit-jupiter-engine/5.7.0-M1/junit-jupiter-engine-5.7.0-M1.jar:/home/robin/.m2/repository/org/junit/jupiter/junit-jupiter-api/5.7.0-M1/junit-jupiter-api-5.7.0-M1.jar:/home/robin/.m2/repository/org/opentest4j/opentest4j/1.2.0/opentest4j-1.2.0.jar:/home/robin/.m2/repository/org/junit/platform/junit-platform-commons/1.7.0-M1/junit-platform-commons-1.7.0-M1.jar:/home/robin/.m2/repository/org/junit/platform/junit-platform-launcher/1.7.0-M1/junit-platform-launcher-1.7.0-M1.jar:/home/robin/.m2/repository/org/bouncycastle/bcprov-jdk15on/1.66/bcprov-jdk15on-1.66.jar:"/>
    <property name="java.vm.vendor" value="Private Build"/>
    <property name="sun.arch.data.model" value="64"/>
    <property name="java.vendor.url" value="Unknown"/>
    <property name="os.name" value="Linux"/>
    <property name="java.vm.specification.version" value="17"/>
    <property name="sun.java.launcher" value="SUN_STANDARD"/>
    <property name="user.country" value="US"/>
    <property name="sun.boot.library.path" value="/usr/lib/jvm/java-17-openjdk-amd64/lib"/>
    <property name="sun.java.command" value="/home/robin/IdeaProjects/SimpleJunit5/SimpleJunit5/target/surefire/surefirebooter16376855850751460076.jar /home/robin/IdeaProjects/SimpleJunit5/SimpleJunit5/target/surefire 2022-04-10T23-02-15_916-jvmRun1 surefire212414281517026926tmp surefire_02538958671289688355tmp"/>
    <property name="jdk.debug" value="release"/>
    <property name="surefire.test.class.path" value="/home/robin/IdeaProjects/SimpleJunit5/SimpleJunit5/target/test-classes:/home/robin/IdeaProjects/SimpleJunit5/SimpleJunit5/target/classes:/home/robin/.m2/repository/org/junit/vintage/junit-vintage-engine/5.7.0-M1/junit-vintage-engine-5.7.0-M1.jar:/home/robin/.m2/repository/org/apiguardian/apiguardian-api/1.1.0/apiguardian-api-1.1.0.jar:/home/robin/.m2/repository/org/junit/platform/junit-platform-engine/1.7.0-M1/junit-platform-engine-1.7.0-M1.jar:/home/robin/.m2/repository/junit/junit/4.13/junit-4.13.jar:/home/robin/.m2/repository/org/hamcrest/hamcrest-core/1.3/hamcrest-core-1.3.jar:/home/robin/.m2/repository/org/openjfx/javafx-controls/15-ea+7/javafx-controls-15-ea+7.jar:/home/robin/.m2/repository/org/openjfx/javafx-controls/15-ea+7/javafx-controls-15-ea+7-linux.jar:/home/robin/.m2/repository/org/openjfx/javafx-graphics/15-ea+7/javafx-graphics-15-ea+7.jar:/home/robin/.m2/repository/org/openjfx/javafx-graphics/15-ea+7/javafx-graphics-15-ea+7-linux.jar:/home/robin/.m2/repository/org/openjfx/javafx-base/15-ea+7/javafx-base-15-ea+7.jar:/home/robin/.m2/repository/org/openjfx/javafx-base/15-ea+7/javafx-base-15-ea+7-linux.jar:/home/robin/.m2/repository/org/openjfx/javafx-fxml/15-ea+7/javafx-fxml-15-ea+7.jar:/home/robin/.m2/repository/org/openjfx/javafx-fxml/15-ea+7/javafx-fxml-15-ea+7-linux.jar:/home/robin/.m2/repository/org/junit/jupiter/junit-jupiter-engine/5.7.0-M1/junit-jupiter-engine-5.7.0-M1.jar:/home/robin/.m2/repository/org/junit/jupiter/junit-jupiter-api/5.7.0-M1/junit-jupiter-api-5.7.0-M1.jar:/home/robin/.m2/repository/org/opentest4j/opentest4j/1.2.0/opentest4j-1.2.0.jar:/home/robin/.m2/repository/org/junit/platform/junit-platform-commons/1.7.0-M1/junit-platform-commons-1.7.0-M1.jar:/home/robin/.m2/repository/org/junit/platform/junit-platform-launcher/1.7.0-M1/junit-platform-launcher-1.7.0-M1.jar:/home/robin/.m2/repository/org/bouncycastle/bcprov-jdk15on/1.66/bcprov-jdk15on-1.66.jar:"/>
    <property name="sun.cpu.endian" value="little"/>
    <property name="user.home" value="/home/robin"/>
    <property name="user.language" value="en"/>
    <property name="java.specification.vendor" value="Oracle Corporation"/>
    <property name="java.version.date" value="2022-01-18"/>
    <property name="java.home" value="/usr/lib/jvm/java-17-openjdk-amd64"/>
    <property name="file.separator" value="/"/>
    <property name="basedir" value="/home/robin/IdeaProjects/SimpleJunit5/SimpleJunit5"/>
    <property name="java.vm.compressedOopsMode" value="Zero based"/>
    <property name="line.separator" value="&#10;"/>
    <property name="java.vm.specification.vendor" value="Oracle Corporation"/>
    <property name="java.specification.name" value="Java Platform API Specification"/>
    <property name="surefire.real.class.path" value="/home/robin/IdeaProjects/SimpleJunit5/SimpleJunit5/target/surefire/surefirebooter16376855850751460076.jar"/>
    <property name="sun.management.compiler" value="HotSpot 64-Bit Tiered Compilers"/>
    <property name="java.runtime.version" value="17.0.2+8-Ubuntu-120.04"/>
    <property name="user.name" value="robin"/>
    <property name="path.separator" value=":"/>
    <property name="os.version" value="5.13.0-39-generic"/>
    <property name="java.runtime.name" value="OpenJDK Runtime Environment"/>
    <property name="file.encoding" value="UTF-8"/>
    <property name="java.vm.name" value="OpenJDK 64-Bit Server VM"/>
    <property name="localRepository" value="/home/robin/.m2/repository"/>
    <property name="java.vendor.url.bug" value="Unknown"/>
    <property name="java.io.tmpdir" value="/tmp"/>
    <property name="idea.version" value="2021.3.4"/>
    <property name="java.version" value="17.0.2"/>
    <property name="user.dir" value="/home/robin/IdeaProjects/SimpleJunit5/SimpleJunit5"/>
    <property name="os.arch" value="amd64"/>
    <property name="java.vm.specification.name" value="Java Virtual Machine Specification"/>
    <property name="native.encoding" value="UTF-8"/>
    <property name="java.library.path" value="/usr/java/packages/lib:/usr/lib/x86_64-linux-gnu/jni:/lib/x86_64-linux-gnu:/usr/lib/x86_64-linux-gnu:/usr/lib/jni:/lib:/usr/lib"/>
    <property name="java.vm.info" value="mixed mode, sharing"/>
    <property name="java.vendor" value="Private Build"/>
    <property name="java.vm.version" value="17.0.2+8-Ubuntu-120.04"/>
    <property name="sun.io.unicode.encoding" value="UnicodeLittle"/>
    <property name="java.class.version" value="61.0"/>
  </properties>
  <testcase name="testPrintMessage" classname="edu.junit5.quickstart.MessageUtilTest" time="0.009"/>
</testsuite>